First step log. Process id=4462
MiB Mem :   1817.2 total,   1613.5 free,    121.2 used,     82.5 buff/cache
MiB Swap:    820.0 total,    704.6 free,    115.4 used.   1581.2 avail Mem 

    PID USER      PR  NI    VIRT    RES    SHR S  %CPU  %MEM     TIME+ COMMAND
   4462 user      20   0  244164  24564   2892 R  51.7   1.3   0:00.28 bash
      1 root      20   0  175176   3436   2844 S   0.0   0.2   0:01.38 systemd
      2 root      20   0       0      0      0 S   0.0   0.0   0:00.00 kthreadd
      3 root       0 -20       0      0      0 I   0.0   0.0   0:00.00 rcu_gp
      4 root       0 -20       0      0      0 I   0.0   0.0   0:00.00 rcu_par_gp
MiB Mem :   1817.2 total,   1563.6 free,    171.0 used,     82.5 buff/cache
MiB Swap:    820.0 total,    704.6 free,    115.4 used.   1531.4 avail Mem 

    PID USER      PR  NI    VIRT    RES    SHR S  %CPU  %MEM     TIME+ COMMAND
   4462 user      20   0  295116  75516   2892 R  93.8   4.1   0:00.96 bash
      1 root      20   0  175176   3436   2844 S   0.0   0.2   0:01.38 systemd
      2 root      20   0       0      0      0 S   0.0   0.0   0:00.00 kthreadd
      3 root       0 -20       0      0      0 I   0.0   0.0   0:00.00 rcu_gp
      4 root       0 -20       0      0      0 I   0.0   0.0   0:00.00 rcu_par_gp
MiB Mem :   1817.2 total,   1514.1 free,    220.5 used,     82.5 buff/cache
MiB Swap:    820.0 total,    704.6 free,    115.4 used.   1481.8 avail Mem 

    PID USER      PR  NI    VIRT    RES    SHR S  %CPU  %MEM     TIME+ COMMAND
   4462 user      20   0  345672 126204   2892 R  88.2   6.8   0:01.64 bash
      1 root      20   0  175176   3436   2844 S   0.0   0.2   0:01.38 systemd
      2 root      20   0       0      0      0 S   0.0   0.0   0:00.00 kthreadd
      3 root       0 -20       0      0      0 I   0.0   0.0   0:00.00 rcu_gp
      4 root       0 -20       0      0      0 I   0.0   0.0   0:00.00 rcu_par_gp
MiB Mem :   1817.2 total,   1464.9 free,    269.8 used,     82.5 buff/cache
MiB Swap:    820.0 total,    704.6 free,    115.4 used.   1432.6 avail Mem 

    PID USER      PR  NI    VIRT    RES    SHR S  %CPU  %MEM     TIME+ COMMAND
   4462 user      20   0  396096 176628   2892 R  93.8   9.5   0:02.30 bash
      1 root      20   0  175176   3436   2844 S   0.0   0.2   0:01.38 systemd
      2 root      20   0       0      0      0 S   0.0   0.0   0:00.00 kthreadd
      3 root       0 -20       0      0      0 I   0.0   0.0   0:00.00 rcu_gp
      4 root       0 -20       0      0      0 I   0.0   0.0   0:00.00 rcu_par_gp
MiB Mem :   1817.2 total,   1414.7 free,    320.0 used,     82.5 buff/cache
MiB Swap:    820.0 total,    704.6 free,    115.4 used.   1382.4 avail Mem 

    PID USER      PR  NI    VIRT    RES    SHR S  %CPU  %MEM     TIME+ COMMAND
   4462 user      20   0  447312 227844   2892 R  88.2  12.2   0:02.98 bash
      1 root      20   0  175176   3436   2844 S   0.0   0.2   0:01.38 systemd
      2 root      20   0       0      0      0 S   0.0   0.0   0:00.00 kthreadd
      3 root       0 -20       0      0      0 I   0.0   0.0   0:00.00 rcu_gp
      4 root       0 -20       0      0      0 I   0.0   0.0   0:00.00 rcu_par_gp
MiB Mem :   1817.2 total,   1365.8 free,    368.8 used,     82.5 buff/cache
MiB Swap:    820.0 total,    704.6 free,    115.4 used.   1333.6 avail Mem 

    PID USER      PR  NI    VIRT    RES    SHR S  %CPU  %MEM     TIME+ COMMAND
   4462 user      20   0  497208 277740   2892 R  82.4  14.9   0:03.65 bash
      1 root      20   0  175176   3436   2844 S   0.0   0.2   0:01.38 systemd
      2 root      20   0       0      0      0 S   0.0   0.0   0:00.00 kthreadd
      3 root       0 -20       0      0      0 I   0.0   0.0   0:00.00 rcu_gp
      4 root       0 -20       0      0      0 I   0.0   0.0   0:00.00 rcu_par_gp
MiB Mem :   1817.2 total,   1317.0 free,    417.6 used,     82.6 buff/cache
MiB Swap:    820.0 total,    704.6 free,    115.4 used.   1284.7 avail Mem 

    PID USER      PR  NI    VIRT    RES    SHR S  %CPU  %MEM     TIME+ COMMAND
   4462 user      20   0  547104 327636   2892 R  99.9  17.6   0:04.32 bash
      1 root      20   0  175176   3436   2844 S   0.0   0.2   0:01.38 systemd
      2 root      20   0       0      0      0 S   0.0   0.0   0:00.00 kthreadd
      3 root       0 -20       0      0      0 I   0.0   0.0   0:00.00 rcu_gp
      4 root       0 -20       0      0      0 I   0.0   0.0   0:00.00 rcu_par_gp
MiB Mem :   1817.2 total,   1269.0 free,    465.6 used,     82.6 buff/cache
MiB Swap:    820.0 total,    704.6 free,    115.4 used.   1236.8 avail Mem 

    PID USER      PR  NI    VIRT    RES    SHR S  %CPU  %MEM     TIME+ COMMAND
   4462 user      20   0  595152 375684   2892 R  87.5  20.2   0:04.98 bash
      1 root      20   0  175176   3436   2844 S   0.0   0.2   0:01.38 systemd
      2 root      20   0       0      0      0 S   0.0   0.0   0:00.00 kthreadd
      3 root       0 -20       0      0      0 I   0.0   0.0   0:00.00 rcu_gp
      4 root       0 -20       0      0      0 I   0.0   0.0   0:00.00 rcu_par_gp
MiB Mem :   1817.2 total,   1219.6 free,    515.0 used,     82.6 buff/cache
MiB Swap:    820.0 total,    704.6 free,    115.4 used.   1187.4 avail Mem 

    PID USER      PR  NI    VIRT    RES    SHR S  %CPU  %MEM     TIME+ COMMAND
   4462 user      20   0  645576 426108   2892 R  93.8  22.9   0:05.65 bash
      1 root      20   0  175176   3436   2844 S   0.0   0.2   0:01.38 systemd
      2 root      20   0       0      0      0 S   0.0   0.0   0:00.00 kthreadd
      3 root       0 -20       0      0      0 I   0.0   0.0   0:00.00 rcu_gp
      4 root       0 -20       0      0      0 I   0.0   0.0   0:00.00 rcu_par_gp
MiB Mem :   1817.2 total,   1169.4 free,    565.2 used,     82.6 buff/cache
MiB Swap:    820.0 total,    704.6 free,    115.4 used.   1137.1 avail Mem 

    PID USER      PR  NI    VIRT    RES    SHR S  %CPU  %MEM     TIME+ COMMAND
   4462 user      20   0  696924 477324   2892 R  99.9  25.7   0:06.33 bash
      1 root      20   0  175176   3436   2844 S   0.0   0.2   0:01.38 systemd
      2 root      20   0       0      0      0 S   0.0   0.0   0:00.00 kthreadd
      3 root       0 -20       0      0      0 I   0.0   0.0   0:00.00 rcu_gp
      4 root       0 -20       0      0      0 I   0.0   0.0   0:00.00 rcu_par_gp
MiB Mem :   1817.2 total,   1118.6 free,    616.0 used,     82.6 buff/cache
MiB Swap:    820.0 total,    704.6 free,    115.4 used.   1086.4 avail Mem 

    PID USER      PR  NI    VIRT    RES    SHR S  %CPU  %MEM     TIME+ COMMAND
   4462 user      20   0  748800 529332   2892 R  82.4  28.4   0:07.00 bash
      1 root      20   0  175176   3436   2844 S   0.0   0.2   0:01.38 systemd
      2 root      20   0       0      0      0 S   0.0   0.0   0:00.00 kthreadd
      3 root       0 -20       0      0      0 I   0.0   0.0   0:00.00 rcu_gp
      4 root       0 -20       0      0      0 I   0.0   0.0   0:00.00 rcu_par_gp
MiB Mem :   1817.2 total,   1067.5 free,    667.1 used,     82.6 buff/cache
MiB Swap:    820.0 total,    704.6 free,    115.4 used.   1035.3 avail Mem 

    PID USER      PR  NI    VIRT    RES    SHR S  %CPU  %MEM     TIME+ COMMAND
   4462 user      20   0  801072 581604   2892 R  99.9  31.3   0:07.69 bash
      1 root      20   0  175176   3436   2844 S   0.0   0.2   0:01.38 systemd
      2 root      20   0       0      0      0 S   0.0   0.0   0:00.00 kthreadd
      3 root       0 -20       0      0      0 I   0.0   0.0   0:00.00 rcu_gp
      4 root       0 -20       0      0      0 I   0.0   0.0   0:00.00 rcu_par_gp
MiB Mem :   1817.2 total,   1019.1 free,    715.5 used,     82.6 buff/cache
MiB Swap:    820.0 total,    704.6 free,    115.4 used.    986.9 avail Mem 

    PID USER      PR  NI    VIRT    RES    SHR S  %CPU  %MEM     TIME+ COMMAND
   4462 user      20   0  850440 630972   2892 R  94.1  33.9   0:08.37 bash
      1 root      20   0  175176   3436   2844 S   0.0   0.2   0:01.38 systemd
      2 root      20   0       0      0      0 S   0.0   0.0   0:00.00 kthreadd
      3 root       0 -20       0      0      0 I   0.0   0.0   0:00.00 rcu_gp
      4 root       0 -20       0      0      0 I   0.0   0.0   0:00.00 rcu_par_gp
MiB Mem :   1817.2 total,    969.2 free,    765.4 used,     82.6 buff/cache
MiB Swap:    820.0 total,    704.6 free,    115.4 used.    937.0 avail Mem 

    PID USER      PR  NI    VIRT    RES    SHR S  %CPU  %MEM     TIME+ COMMAND
   4462 user      20   0  901524 681924   2892 R  87.5  36.6   0:09.03 bash
      1 root      20   0  175176   3436   2844 S   0.0   0.2   0:01.38 systemd
      2 root      20   0       0      0      0 S   0.0   0.0   0:00.00 kthreadd
      3 root       0 -20       0      0      0 I   0.0   0.0   0:00.00 rcu_gp
      4 root       0 -20       0      0      0 I   0.0   0.0   0:00.00 rcu_par_gp
MiB Mem :   1817.2 total,    918.9 free,    815.7 used,     82.6 buff/cache
MiB Swap:    820.0 total,    704.6 free,    115.4 used.    886.6 avail Mem 

    PID USER      PR  NI    VIRT    RES    SHR S  %CPU  %MEM     TIME+ COMMAND
   4462 user      20   0  953004 733404   2892 R  99.9  39.4   0:09.72 bash
      1 root      20   0  175176   3436   2844 S   0.0   0.2   0:01.38 systemd
      2 root      20   0       0      0      0 S   0.0   0.0   0:00.00 kthreadd
      3 root       0 -20       0      0      0 I   0.0   0.0   0:00.00 rcu_gp
      4 root       0 -20       0      0      0 I   0.0   0.0   0:00.00 rcu_par_gp
MiB Mem :   1817.2 total,    868.4 free,    866.2 used,     82.6 buff/cache
MiB Swap:    820.0 total,    704.6 free,    115.4 used.    836.2 avail Mem 

    PID USER      PR  NI    VIRT    RES    SHR S  %CPU  %MEM     TIME+ COMMAND
   4462 user      20   0 1004484 784884   2892 R  88.2  42.2   0:10.40 bash
      1 root      20   0  175176   3436   2844 S   0.0   0.2   0:01.38 systemd
      2 root      20   0       0      0      0 S   0.0   0.0   0:00.00 kthreadd
      3 root       0 -20       0      0      0 I   0.0   0.0   0:00.00 rcu_gp
      4 root       0 -20       0      0      0 I   0.0   0.0   0:00.00 rcu_par_gp
MiB Mem :   1817.2 total,    818.9 free,    915.7 used,     82.6 buff/cache
MiB Swap:    820.0 total,    704.6 free,    115.4 used.    786.6 avail Mem 

    PID USER      PR  NI    VIRT    RES    SHR S  %CPU  %MEM     TIME+ COMMAND
   4462 user      20   0 1055172 835572   2892 R  94.1  44.9   0:11.08 bash
      1 root      20   0  175176   3436   2844 S   0.0   0.2   0:01.38 systemd
      2 root      20   0       0      0      0 S   0.0   0.0   0:00.00 kthreadd
      3 root       0 -20       0      0      0 I   0.0   0.0   0:00.00 rcu_gp
      4 root       0 -20       0      0      0 I   0.0   0.0   0:00.00 rcu_par_gp
MiB Mem :   1817.2 total,    769.7 free,    964.9 used,     82.6 buff/cache
MiB Swap:    820.0 total,    704.6 free,    115.4 used.    737.5 avail Mem 

    PID USER      PR  NI    VIRT    RES    SHR S  %CPU  %MEM     TIME+ COMMAND
   4462 user      20   0 1105332 885996   2892 R  99.9  47.6   0:11.75 bash
      1 root      20   0  175176   3436   2844 S   0.0   0.2   0:01.38 systemd
      2 root      20   0       0      0      0 S   0.0   0.0   0:00.00 kthreadd
      3 root       0 -20       0      0      0 I   0.0   0.0   0:00.00 rcu_gp
      4 root       0 -20       0      0      0 I   0.0   0.0   0:00.00 rcu_par_gp
MiB Mem :   1817.2 total,    718.9 free,   1015.7 used,     82.6 buff/cache
MiB Swap:    820.0 total,    704.6 free,    115.4 used.    686.7 avail Mem 

    PID USER      PR  NI    VIRT    RES    SHR S  %CPU  %MEM     TIME+ COMMAND
   4462 user      20   0 1157340 937740   2892 R  88.2  50.4   0:12.43 bash
      1 root      20   0  175176   3436   2844 S   0.0   0.2   0:01.38 systemd
      2 root      20   0       0      0      0 S   0.0   0.0   0:00.00 kthreadd
      3 root       0 -20       0      0      0 I   0.0   0.0   0:00.00 rcu_gp
      4 root       0 -20       0      0      0 I   0.0   0.0   0:00.00 rcu_par_gp
MiB Mem :   1817.2 total,    668.0 free,   1066.6 used,     82.6 buff/cache
MiB Swap:    820.0 total,    704.6 free,    115.4 used.    635.8 avail Mem 

    PID USER      PR  NI    VIRT    RES    SHR S  %CPU  %MEM     TIME+ COMMAND
   4462 user      20   0 1209348 989748   2892 R  94.1  53.2   0:13.12 bash
      1 root      20   0  175176   3436   2844 S   0.0   0.2   0:01.38 systemd
      2 root      20   0       0      0      0 S   0.0   0.0   0:00.00 kthreadd
      3 root       0 -20       0      0      0 I   0.0   0.0   0:00.00 rcu_gp
      4 root       0 -20       0      0      0 I   0.0   0.0   0:00.00 rcu_par_gp
MiB Mem :   1817.2 total,    617.3 free,   1117.3 used,     82.6 buff/cache
MiB Swap:    820.0 total,    704.6 free,    115.4 used.    585.1 avail Mem 

    PID USER      PR  NI    VIRT    RES    SHR S  %CPU  %MEM     TIME+ COMMAND
   4462 user      20   0 1261224   1.0g   2892 R  99.9  56.0   0:13.80 bash
      1 root      20   0  175176   3436   2844 S   0.0   0.2   0:01.38 systemd
      2 root      20   0       0      0      0 S   0.0   0.0   0:00.00 kthreadd
      3 root       0 -20       0      0      0 I   0.0   0.0   0:00.00 rcu_gp
      4 root       0 -20       0      0      0 I   0.0   0.0   0:00.00 rcu_par_gp
MiB Mem :   1817.2 total,    567.8 free,   1166.8 used,     82.6 buff/cache
MiB Swap:    820.0 total,    704.6 free,    115.4 used.    535.6 avail Mem 

    PID USER      PR  NI    VIRT    RES    SHR S  %CPU  %MEM     TIME+ COMMAND
   4462 user      20   0 1311648   1.0g   2892 R  93.8  58.7   0:14.47 bash
      1 root      20   0  175176   3436   2844 S   0.0   0.2   0:01.38 systemd
      2 root      20   0       0      0      0 S   0.0   0.0   0:00.00 kthreadd
      3 root       0 -20       0      0      0 I   0.0   0.0   0:00.00 rcu_gp
      4 root       0 -20       0      0      0 I   0.0   0.0   0:00.00 rcu_par_gp
MiB Mem :   1817.2 total,    517.6 free,   1217.0 used,     82.6 buff/cache
MiB Swap:    820.0 total,    704.6 free,    115.4 used.    485.3 avail Mem 

    PID USER      PR  NI    VIRT    RES    SHR S  %CPU  %MEM     TIME+ COMMAND
   4462 user      20   0 1363128   1.1g   2892 R  82.4  61.5   0:15.14 bash
      1 root      20   0  175176   3436   2844 S   0.0   0.2   0:01.38 systemd
      2 root      20   0       0      0      0 S   0.0   0.0   0:00.00 kthreadd
      3 root       0 -20       0      0      0 I   0.0   0.0   0:00.00 rcu_gp
      4 root       0 -20       0      0      0 I   0.0   0.0   0:00.00 rcu_par_gp
MiB Mem :   1817.2 total,    466.9 free,   1267.7 used,     82.6 buff/cache
MiB Swap:    820.0 total,    704.6 free,    115.4 used.    434.7 avail Mem 

    PID USER      PR  NI    VIRT    RES    SHR S  %CPU  %MEM     TIME+ COMMAND
   4462 user      20   0 1414872   1.1g   2892 R  93.8  64.2   0:15.82 bash
      1 root      20   0  175176   3436   2844 S   0.0   0.2   0:01.38 systemd
      2 root      20   0       0      0      0 S   0.0   0.0   0:00.00 kthreadd
      3 root       0 -20       0      0      0 I   0.0   0.0   0:00.00 rcu_gp
      4 root       0 -20       0      0      0 I   0.0   0.0   0:00.00 rcu_par_gp
MiB Mem :   1817.2 total,    416.9 free,   1317.8 used,     82.6 buff/cache
MiB Swap:    820.0 total,    704.6 free,    115.4 used.    384.6 avail Mem 

    PID USER      PR  NI    VIRT    RES    SHR S  %CPU  %MEM     TIME+ COMMAND
   4462 user      20   0 1466088   1.2g   2892 R  94.1  67.0   0:16.51 bash
      1 root      20   0  175176   3436   2844 S   0.0   0.2   0:01.38 systemd
      2 root      20   0       0      0      0 S   0.0   0.0   0:00.00 kthreadd
      3 root       0 -20       0      0      0 I   0.0   0.0   0:00.00 rcu_gp
      4 root       0 -20       0      0      0 I   0.0   0.0   0:00.00 rcu_par_gp
MiB Mem :   1817.2 total,    367.3 free,   1367.3 used,     82.6 buff/cache
MiB Swap:    820.0 total,    704.6 free,    115.4 used.    335.1 avail Mem 

    PID USER      PR  NI    VIRT    RES    SHR S  %CPU  %MEM     TIME+ COMMAND
   4462 user      20   0 1516644   1.2g   2892 R  99.9  69.7   0:17.18 bash
      1 root      20   0  175176   3436   2844 S   0.0   0.2   0:01.38 systemd
      2 root      20   0       0      0      0 S   0.0   0.0   0:00.00 kthreadd
      3 root       0 -20       0      0      0 I   0.0   0.0   0:00.00 rcu_gp
      4 root       0 -20       0      0      0 I   0.0   0.0   0:00.00 rcu_par_gp
MiB Mem :   1817.2 total,    317.6 free,   1417.0 used,     82.6 buff/cache
MiB Swap:    820.0 total,    704.6 free,    115.4 used.    285.4 avail Mem 

    PID USER      PR  NI    VIRT    RES    SHR S  %CPU  %MEM     TIME+ COMMAND
   4462 user      20   0 1567464   1.3g   2892 R  93.3  72.4   0:17.84 bash
      1 root      20   0  175176   3436   2844 S   0.0   0.2   0:01.38 systemd
      2 root      20   0       0      0      0 S   0.0   0.0   0:00.00 kthreadd
      3 root       0 -20       0      0      0 I   0.0   0.0   0:00.00 rcu_gp
      4 root       0 -20       0      0      0 I   0.0   0.0   0:00.00 rcu_par_gp
MiB Mem :   1817.2 total,    267.0 free,   1467.6 used,     82.6 buff/cache
MiB Swap:    820.0 total,    704.6 free,    115.4 used.    234.7 avail Mem 

    PID USER      PR  NI    VIRT    RES    SHR S  %CPU  %MEM     TIME+ COMMAND
   4462 user      20   0 1619208   1.3g   2892 R  93.8  75.2   0:18.53 bash
      1 root      20   0  175176   3436   2844 S   0.0   0.2   0:01.38 systemd
      2 root      20   0       0      0      0 S   0.0   0.0   0:00.00 kthreadd
      3 root       0 -20       0      0      0 I   0.0   0.0   0:00.00 rcu_gp
      4 root       0 -20       0      0      0 I   0.0   0.0   0:00.00 rcu_par_gp
MiB Mem :   1817.2 total,    216.9 free,   1517.7 used,     82.6 buff/cache
MiB Swap:    820.0 total,    704.6 free,    115.4 used.    184.6 avail Mem 

    PID USER      PR  NI    VIRT    RES    SHR S  %CPU  %MEM     TIME+ COMMAND
   4462 user      20   0 1670424   1.4g   2892 R  88.2  78.0   0:19.20 bash
      1 root      20   0  175176   3436   2844 S   0.0   0.2   0:01.38 systemd
      2 root      20   0       0      0      0 S   0.0   0.0   0:00.00 kthreadd
      3 root       0 -20       0      0      0 I   0.0   0.0   0:00.00 rcu_gp
      4 root       0 -20       0      0      0 I   0.0   0.0   0:00.00 rcu_par_gp
MiB Mem :   1817.2 total,    167.7 free,   1566.9 used,     82.6 buff/cache
MiB Swap:    820.0 total,    704.6 free,    115.4 used.    135.4 avail Mem 

    PID USER      PR  NI    VIRT    RES    SHR S  %CPU  %MEM     TIME+ COMMAND
   4462 user      20   0 1720716   1.4g   2892 R  87.5  80.7   0:19.87 bash
      1 root      20   0  175176   3436   2844 S   0.0   0.2   0:01.38 systemd
      2 root      20   0       0      0      0 S   0.0   0.0   0:00.00 kthreadd
      3 root       0 -20       0      0      0 I   0.0   0.0   0:00.00 rcu_gp
      4 root       0 -20       0      0      0 I   0.0   0.0   0:00.00 rcu_par_gp
MiB Mem :   1817.2 total,    117.7 free,   1616.9 used,     82.6 buff/cache
MiB Swap:    820.0 total,    704.6 free,    115.4 used.     85.4 avail Mem 

    PID USER      PR  NI    VIRT    RES    SHR S  %CPU  %MEM     TIME+ COMMAND
   4462 user      20   0 1771800   1.5g   2892 R  94.1  83.4   0:20.56 bash
      1 root      20   0  175176   3436   2844 S   0.0   0.2   0:01.38 systemd
      2 root      20   0       0      0      0 S   0.0   0.0   0:00.00 kthreadd
      3 root       0 -20       0      0      0 I   0.0   0.0   0:00.00 rcu_gp
      4 root       0 -20       0      0      0 I   0.0   0.0   0:00.00 rcu_par_gp
MiB Mem :   1817.2 total,     68.3 free,   1666.3 used,     82.6 buff/cache
MiB Swap:    820.0 total,    704.6 free,    115.4 used.     36.1 avail Mem 

    PID USER      PR  NI    VIRT    RES    SHR S  %CPU  %MEM     TIME+ COMMAND
   4462 user      20   0 1822224   1.5g   2892 R  88.2  86.1   0:21.24 bash
      1 root      20   0  175176   3436   2844 S   0.0   0.2   0:01.38 systemd
      2 root      20   0       0      0      0 S   0.0   0.0   0:00.00 kthreadd
      3 root       0 -20       0      0      0 I   0.0   0.0   0:00.00 rcu_gp
      4 root       0 -20       0      0      0 I   0.0   0.0   0:00.00 rcu_par_gp
MiB Mem :   1817.2 total,     69.5 free,   1689.9 used,     57.8 buff/cache
MiB Swap:    820.0 total,    627.0 free,    193.0 used.     24.9 avail Mem 

    PID USER      PR  NI    VIRT    RES    SHR S  %CPU  %MEM     TIME+ COMMAND
   4462 user      20   0 1925184   1.6g   1972 R  36.8  87.4   0:22.63 bash
     69 root      20   0       0      0      0 S   2.6   0.0   0:28.78 kswapd0
   4486 user      20   0  275208   2776   2132 S   2.6   0.1   0:00.02 top
      1 root      20   0  175176   1900   1344 S   0.0   0.1   0:01.38 systemd
      2 root      20   0       0      0      0 S   0.0   0.0   0:00.00 kthreadd
MiB Mem :   1817.2 total,     68.4 free,   1691.1 used,     57.6 buff/cache
MiB Swap:    820.0 total,    572.6 free,    247.4 used.     23.8 avail Mem 

    PID USER      PR  NI    VIRT    RES    SHR S  %CPU  %MEM     TIME+ COMMAND
   4462 user      20   0 1980624   1.6g   1704 R  81.2  87.4   0:23.36 bash
     69 root      20   0       0      0      0 S   6.2   0.0   0:28.82 kswapd0
      1 root      20   0  175176   1888   1332 S   0.0   0.1   0:01.38 systemd
      2 root      20   0       0      0      0 S   0.0   0.0   0:00.00 kthreadd
      3 root       0 -20       0      0      0 I   0.0   0.0   0:00.00 rcu_gp
MiB Mem :   1817.2 total,     71.9 free,   1689.0 used,     56.2 buff/cache
MiB Swap:    820.0 total,    524.2 free,    295.8 used.     26.6 avail Mem 

    PID USER      PR  NI    VIRT    RES    SHR S  %CPU  %MEM     TIME+ COMMAND
   4462 user      20   0 2028408   1.5g   1704 R  99.9  87.3   0:24.00 bash
     69 root      20   0       0      0      0 S   6.7   0.0   0:28.86 kswapd0
      1 root      20   0  175176   1888   1332 S   0.0   0.1   0:01.38 systemd
      2 root      20   0       0      0      0 S   0.0   0.0   0:00.00 kthreadd
      3 root       0 -20       0      0      0 I   0.0   0.0   0:00.00 rcu_gp
MiB Mem :   1817.2 total,     68.0 free,   1692.9 used,     56.3 buff/cache
MiB Swap:    820.0 total,    481.1 free,    338.9 used.     22.7 avail Mem 

    PID USER      PR  NI    VIRT    RES    SHR S  %CPU  %MEM     TIME+ COMMAND
   4462 user      20   0 2076852   1.6g   1704 R  87.5  87.5   0:24.64 bash
     69 root      20   0       0      0      0 S   6.2   0.0   0:28.90 kswapd0
      1 root      20   0  175176   1888   1332 S   0.0   0.1   0:01.38 systemd
      2 root      20   0       0      0      0 S   0.0   0.0   0:00.00 kthreadd
      3 root       0 -20       0      0      0 I   0.0   0.0   0:00.00 rcu_gp
MiB Mem :   1817.2 total,     75.4 free,   1687.9 used,     53.8 buff/cache
MiB Swap:    820.0 total,    422.7 free,    397.3 used.     28.9 avail Mem 

    PID USER      PR  NI    VIRT    RES    SHR S  %CPU  %MEM     TIME+ COMMAND
   4462 user      20   0 2130840   1.5g   1704 R  99.9  87.2   0:25.36 bash
      1 root      20   0  175176   1816   1260 S   0.0   0.1   0:01.38 systemd
      2 root      20   0       0      0      0 S   0.0   0.0   0:00.00 kthreadd
      3 root       0 -20       0      0      0 I   0.0   0.0   0:00.00 rcu_gp
      4 root       0 -20       0      0      0 I   0.0   0.0   0:00.00 rcu_par_gp
MiB Mem :   1817.2 total,     67.7 free,   1697.5 used,     52.0 buff/cache
MiB Swap:    820.0 total,    384.0 free,    436.0 used.     20.2 avail Mem 

    PID USER      PR  NI    VIRT    RES    SHR S  %CPU  %MEM     TIME+ COMMAND
   4462 user      20   0 2178492   1.6g   1704 R  93.8  87.6   0:25.99 bash
     69 root      20   0       0      0      0 R   6.2   0.0   0:28.98 kswapd0
      1 root      20   0  175176   1796   1240 S   0.0   0.1   0:01.38 systemd
      2 root      20   0       0      0      0 S   0.0   0.0   0:00.00 kthreadd
      3 root       0 -20       0      0      0 I   0.0   0.0   0:00.00 rcu_gp
MiB Mem :   1817.2 total,     72.6 free,   1693.6 used,     50.9 buff/cache
MiB Swap:    820.0 total,    332.8 free,    487.2 used.     24.6 avail Mem 

    PID USER      PR  NI    VIRT    RES    SHR S  %CPU  %MEM     TIME+ COMMAND
   4462 user      20   0 2226672   1.6g   1704 R  86.7  87.4   0:26.63 bash
     69 root      20   0       0      0      0 S   6.7   0.0   0:29.02 kswapd0
      1 root      20   0  175176   1796   1240 S   0.0   0.1   0:01.38 systemd
      2 root      20   0       0      0      0 S   0.0   0.0   0:00.00 kthreadd
      3 root       0 -20       0      0      0 I   0.0   0.0   0:00.00 rcu_gp
MiB Mem :   1817.2 total,     91.7 free,   1677.3 used,     48.2 buff/cache
MiB Swap:    820.0 total,    267.2 free,    552.8 used.     42.3 avail Mem 

    PID USER      PR  NI    VIRT    RES    SHR S  %CPU  %MEM     TIME+ COMMAND
   4462 user      20   0 2276040   1.5g   1704 R  66.7  86.4   0:27.30 bash
     69 root      20   0       0      0      0 S  16.7   0.0   0:29.08 kswapd0
      1 root      20   0  175176   1720   1164 S   0.0   0.1   0:01.38 systemd
      2 root      20   0       0      0      0 S   0.0   0.0   0:00.00 kthreadd
      3 root       0 -20       0      0      0 I   0.0   0.0   0:00.00 rcu_gp
MiB Mem :   1817.2 total,     67.7 free,   1702.1 used,     47.4 buff/cache
MiB Swap:    820.0 total,    244.7 free,    575.3 used.     17.9 avail Mem 

    PID USER      PR  NI    VIRT    RES    SHR S  %CPU  %MEM     TIME+ COMMAND
   4462 user      20   0 2324616   1.6g   1704 R  87.5  87.8   0:27.94 bash
     69 root      20   0       0      0      0 R   6.2   0.0   0:29.10 kswapd0
      1 root      20   0  175176   1708   1152 S   0.0   0.1   0:01.38 systemd
      2 root      20   0       0      0      0 S   0.0   0.0   0:00.00 kthreadd
      3 root       0 -20       0      0      0 I   0.0   0.0   0:00.00 rcu_gp
MiB Mem :   1817.2 total,     68.8 free,   1702.3 used,     46.1 buff/cache
MiB Swap:    820.0 total,    198.8 free,    621.2 used.     18.3 avail Mem 

    PID USER      PR  NI    VIRT    RES    SHR S  %CPU  %MEM     TIME+ COMMAND
   4462 user      20   0 2371212   1.6g   1704 R  93.3  87.8   0:28.56 bash
     69 root      20   0       0      0      0 S   6.7   0.0   0:29.14 kswapd0
      1 root      20   0  175176   1708   1152 S   0.0   0.1   0:01.38 systemd
      2 root      20   0       0      0      0 S   0.0   0.0   0:00.00 kthreadd
      3 root       0 -20       0      0      0 I   0.0   0.0   0:00.00 rcu_gp
MiB Mem :   1817.2 total,     69.3 free,   1703.0 used,     45.0 buff/cache
MiB Swap:    820.0 total,    153.2 free,    666.8 used.     18.2 avail Mem 

    PID USER      PR  NI    VIRT    RES    SHR S  %CPU  %MEM     TIME+ COMMAND
   4462 user      20   0 2417940   1.6g   1704 R  93.3  87.8   0:29.17 bash
      1 root      20   0  175176   1708   1152 S   0.0   0.1   0:01.38 systemd
      2 root      20   0       0      0      0 S   0.0   0.0   0:00.00 kthreadd
      3 root       0 -20       0      0      0 I   0.0   0.0   0:00.00 rcu_gp
      4 root       0 -20       0      0      0 I   0.0   0.0   0:00.00 rcu_par_gp
MiB Mem :   1817.2 total,     69.7 free,   1703.8 used,     43.7 buff/cache
MiB Swap:    820.0 total,    107.5 free,    712.5 used.     18.0 avail Mem 

    PID USER      PR  NI    VIRT    RES    SHR S  %CPU  %MEM     TIME+ COMMAND
   4462 user      20   0 2465064   1.6g   1704 R  82.4  87.8   0:29.81 bash
     69 root      20   0       0      0      0 S   5.9   0.0   0:29.23 kswapd0
      1 root      20   0  175176   1708   1152 S   0.0   0.1   0:01.38 systemd
      2 root      20   0       0      0      0 S   0.0   0.0   0:00.00 kthreadd
      3 root       0 -20       0      0      0 I   0.0   0.0   0:00.00 rcu_gp
MiB Mem :   1817.2 total,     71.9 free,   1702.9 used,     42.4 buff/cache
MiB Swap:    820.0 total,     59.1 free,    760.9 used.     19.6 avail Mem 

    PID USER      PR  NI    VIRT    RES    SHR S  %CPU  %MEM     TIME+ COMMAND
   4462 user      20   0 2513112   1.6g   1704 R  83.3  87.7   0:30.45 bash
     69 root      20   0       0      0      0 S   5.6   0.0   0:29.28 kswapd0
      1 root      20   0  175176   1696   1140 S   0.0   0.1   0:01.38 systemd
      2 root      20   0       0      0      0 S   0.0   0.0   0:00.00 kthreadd
      3 root       0 -20       0      0      0 I   0.0   0.0   0:00.00 rcu_gp
MiB Mem :   1817.2 total,     69.5 free,   1706.0 used,     41.7 buff/cache
MiB Swap:    820.0 total,     14.4 free,    805.6 used.     16.8 avail Mem 

    PID USER      PR  NI    VIRT    RES    SHR S  %CPU  %MEM     TIME+ COMMAND
   4462 user      20   0 2561820   1.6g   1704 R  87.5  87.9   0:31.10 bash
     69 root      20   0       0      0      0 S   6.2   0.0   0:29.32 kswapd0
      1 root      20   0  175176   1696   1140 S   0.0   0.1   0:01.38 systemd
      2 root      20   0       0      0      0 S   0.0   0.0   0:00.00 kthreadd
      3 root       0 -20       0      0      0 I   0.0   0.0   0:00.00 rcu_gp
MiB Mem :   1817.2 total,   1666.2 free,     99.3 used,     51.7 buff/cache
MiB Swap:    820.0 total,    703.5 free,    116.5 used.   1618.5 avail Mem 

    PID USER      PR  NI    VIRT    RES    SHR S  %CPU  %MEM     TIME+ COMMAND
   4604 user      20   0  275056   4428   3852 R   6.2   0.2   0:00.10 top
      1 root      20   0  175176    556      0 S   0.0   0.0   0:01.38 systemd
      2 root      20   0       0      0      0 S   0.0   0.0   0:00.00 kthreadd
      3 root       0 -20       0      0      0 I   0.0   0.0   0:00.00 rcu_gp
      4 root       0 -20       0      0      0 I   0.0   0.0   0:00.00 rcu_par_gp
[18409.660501] Out of memory: Killed process 4462 (bash) total-vm:2609208kB, anon-rss:1666108kB, file-rss:0kB, shmem-rss:0kB, UID:1000 pgtables:4736kB oom_score_adj:0
[18409.776845] oom_reaper: reaped process 4462 (bash), now anon-rss:0kB, file-rss:0kB, shmem-rss:0kB
